This is pdfTeX, Version 3.14159265-2.6-1.40.20 (TeX Live 2019/Arch Linux) (preloaded format=pdflatex 2019.7.17)  11 AUG 2019 16:59
entering extended mode
 restricted \write18 enabled.
 %&-line parsing enabled.
**/home/michael/Documents/Notes/OpenCV/opencv_documentation_notes
(/home/michael/Documents/Notes/OpenCV/opencv_documentation_notes.tex
LaTeX2e <2018-12-01>
(/usr/share/texmf-dist/tex/latex/base/article.cls
Document Class: article 2018/09/03 v1.4i Standard LaTeX document class
(/usr/share/texmf-dist/tex/latex/base/size10.clo
File: size10.clo 2018/09/03 v1.4i Standard LaTeX file (size option)
)
\c@part=\count80
\c@section=\count81
\c@subsection=\count82
\c@subsubsection=\count83
\c@paragraph=\count84
\c@subparagraph=\count85
\c@figure=\count86
\c@table=\count87
\abovecaptionskip=\skip41
\belowcaptionskip=\skip42
\bibindent=\dimen102
)
(/usr/share/texmf-dist/tex/latex/biblatex/biblatex.sty
Package: biblatex 2018/11/02 v3.12 programmable bibliographies (PK/MW)

(/usr/share/texmf-dist/tex/generic/oberdiek/pdftexcmds.sty
Package: pdftexcmds 2018/09/10 v0.29 Utility functions of pdfTeX for LuaTeX (HO
)

(/usr/share/texmf-dist/tex/generic/oberdiek/infwarerr.sty
Package: infwarerr 2016/05/16 v1.4 Providing info/warning/error messages (HO)
)
(/usr/share/texmf-dist/tex/generic/oberdiek/ifluatex.sty
Package: ifluatex 2016/05/16 v1.4 Provides the ifluatex switch (HO)
Package ifluatex Info: LuaTeX not detected.
)
(/usr/share/texmf-dist/tex/generic/oberdiek/ltxcmds.sty
Package: ltxcmds 2016/05/16 v1.23 LaTeX kernel commands for general use (HO)
)
(/usr/share/texmf-dist/tex/generic/oberdiek/ifpdf.sty
Package: ifpdf 2018/09/07 v3.3 Provides the ifpdf switch
)
Package pdftexcmds Info: LuaTeX not detected.
Package pdftexcmds Info: \pdf@primitive is available.
Package pdftexcmds Info: \pdf@ifprimitive is available.
Package pdftexcmds Info: \pdfdraftmode found.
)
(/usr/share/texmf-dist/tex/latex/etoolbox/etoolbox.sty
Package: etoolbox 2018/08/19 v2.5f e-TeX tools for LaTeX (JAW)
\etb@tempcnta=\count88
)
(/usr/share/texmf-dist/tex/latex/graphics/keyval.sty
Package: keyval 2014/10/28 v1.15 key=value parser (DPC)
\KV@toks@=\toks14
)
(/usr/share/texmf-dist/tex/latex/oberdiek/kvoptions.sty
Package: kvoptions 2016/05/16 v3.12 Key value format for package options (HO)

(/usr/share/texmf-dist/tex/generic/oberdiek/kvsetkeys.sty
Package: kvsetkeys 2016/05/16 v1.17 Key value parser (HO)

(/usr/share/texmf-dist/tex/generic/oberdiek/etexcmds.sty
Package: etexcmds 2016/05/16 v1.6 Avoid name clashes with e-TeX commands (HO)
)))
(/usr/share/texmf-dist/tex/latex/logreq/logreq.sty
Package: logreq 2010/08/04 v1.0 xml request logger
\lrq@indent=\count89

(/usr/share/texmf-dist/tex/latex/logreq/logreq.def
File: logreq.def 2010/08/04 v1.0 logreq spec v1.0
))
(/usr/share/texmf-dist/tex/latex/base/ifthen.sty
Package: ifthen 2014/09/29 v1.1c Standard LaTeX ifthen package (DPC)
)
(/usr/share/texmf-dist/tex/latex/url/url.sty
\Urlmuskip=\muskip10
Package: url 2013/09/16  ver 3.4  Verb mode for urls, etc.
)
\c@tabx@nest=\count90
\c@listtotal=\count91
\c@listcount=\count92
\c@liststart=\count93
\c@liststop=\count94
\c@citecount=\count95
\c@citetotal=\count96
\c@multicitecount=\count97
\c@multicitetotal=\count98
\c@instcount=\count99
\c@maxnames=\count100
\c@minnames=\count101
\c@maxitems=\count102
\c@minitems=\count103
\c@citecounter=\count104
\c@maxcitecounter=\count105
\c@savedcitecounter=\count106
\c@uniquelist=\count107
\c@uniquename=\count108
\c@refsection=\count109
\c@refsegment=\count110
\c@maxextratitle=\count111
\c@maxextratitleyear=\count112
\c@maxextraname=\count113
\c@maxextradate=\count114
\c@maxextraalpha=\count115
\c@abbrvpenalty=\count116
\c@highnamepenalty=\count117
\c@lownamepenalty=\count118
\c@maxparens=\count119
\c@parenlevel=\count120
\blx@tempcnta=\count121
\blx@tempcntb=\count122
\blx@tempcntc=\count123
\blx@maxsection=\count124
\blx@maxsegment@0=\count125
\blx@notetype=\count126
\blx@parenlevel@text=\count127
\blx@parenlevel@foot=\count128
\blx@sectionciteorder@0=\count129
\blx@entrysetcounter=\count130
\labelnumberwidth=\skip43
\labelalphawidth=\skip44
\biblabelsep=\skip45
\bibitemsep=\skip46
\bibnamesep=\skip47
\bibinitsep=\skip48
\bibparsep=\skip49
\bibhang=\skip50
\blx@bcfin=\read1
\blx@bcfout=\write3
\c@mincomprange=\count131
\c@maxcomprange=\count132
\c@mincompwidth=\count133
Package biblatex Info: Trying to load biblatex default data model...
Package biblatex Info: ... file 'blx-dm.def' found.

(/usr/share/texmf-dist/tex/latex/biblatex/blx-dm.def
File: blx-dm.def 2018/11/02 v3.12 biblatex localization (PK/MW)
)
Package biblatex Info: Trying to load biblatex custom data model...
Package biblatex Info: ... file 'biblatex-dm.cfg' not found.
\c@afterword=\count134
\c@savedafterword=\count135
\c@annotator=\count136
\c@savedannotator=\count137
\c@author=\count138
\c@savedauthor=\count139
\c@bookauthor=\count140
\c@savedbookauthor=\count141
\c@commentator=\count142
\c@savedcommentator=\count143
\c@editor=\count144
\c@savededitor=\count145
\c@editora=\count146
\c@savededitora=\count147
\c@editorb=\count148
\c@savededitorb=\count149
\c@editorc=\count150
\c@savededitorc=\count151
\c@foreword=\count152
\c@savedforeword=\count153
\c@holder=\count154
\c@savedholder=\count155
\c@introduction=\count156
\c@savedintroduction=\count157
\c@namea=\count158
\c@savednamea=\count159
\c@nameb=\count160
\c@savednameb=\count161
\c@namec=\count162
\c@savednamec=\count163
\c@translator=\count164
\c@savedtranslator=\count165
\c@shortauthor=\count166
\c@savedshortauthor=\count167
\c@shorteditor=\count168
\c@savedshorteditor=\count169
\c@labelname=\count170
\c@savedlabelname=\count171
\c@institution=\count172
\c@savedinstitution=\count173
\c@lista=\count174
\c@savedlista=\count175
\c@listb=\count176
\c@savedlistb=\count177
\c@listc=\count178
\c@savedlistc=\count179
\c@listd=\count180
\c@savedlistd=\count181
\c@liste=\count182
\c@savedliste=\count183
\c@listf=\count184
\c@savedlistf=\count185
\c@location=\count186
\c@savedlocation=\count187
\c@organization=\count188
\c@savedorganization=\count189
\c@origlocation=\count190
\c@savedoriglocation=\count191
\c@origpublisher=\count192
\c@savedorigpublisher=\count193
\c@publisher=\count194
\c@savedpublisher=\count195
\c@language=\count196
\c@savedlanguage=\count197
\c@origlanguage=\count198
\c@savedoriglanguage=\count199
\c@pageref=\count266
\c@savedpageref=\count267
\shorthandwidth=\skip51
\shortjournalwidth=\skip52
\shortserieswidth=\skip53
\shorttitlewidth=\skip54
\shortauthorwidth=\skip55
\shorteditorwidth=\skip56
\locallabelnumberwidth=\skip57
\locallabelalphawidth=\skip58
\localshorthandwidth=\skip59
\localshortjournalwidth=\skip60
\localshortserieswidth=\skip61
\localshorttitlewidth=\skip62
\localshortauthorwidth=\skip63
\localshorteditorwidth=\skip64
Package biblatex Info: Trying to load compatibility code...
Package biblatex Info: ... file 'blx-compat.def' found.

(/usr/share/texmf-dist/tex/latex/biblatex/blx-compat.def
File: blx-compat.def 2018/11/02 v3.12 biblatex compatibility (PK/MW)
)
Package biblatex Info: Trying to load generic definitions...
Package biblatex Info: ... file 'biblatex.def' found.

(/usr/share/texmf-dist/tex/latex/biblatex/biblatex.def
File: biblatex.def 2018/11/02 v3.12 biblatex compatibility (PK/MW)
\c@textcitecount=\count268
\c@textcitetotal=\count269
\c@textcitemaxnames=\count270
\c@biburlnumpenalty=\count271
\c@biburlucpenalty=\count272
\c@biburllcpenalty=\count273
\c@smartand=\count274
)
Package biblatex Info: Trying to load bibliography style 'numeric'...
Package biblatex Info: ... file 'numeric.bbx' found.

(/usr/share/texmf-dist/tex/latex/biblatex/bbx/numeric.bbx
File: numeric.bbx 2018/11/02 v3.12 biblatex bibliography style (PK/MW)
Package biblatex Info: Trying to load bibliography style 'standard'...
Package biblatex Info: ... file 'standard.bbx' found.

(/usr/share/texmf-dist/tex/latex/biblatex/bbx/standard.bbx
File: standard.bbx 2018/11/02 v3.12 biblatex bibliography style (PK/MW)
\c@bbx:relatedcount=\count275
\c@bbx:relatedtotal=\count276
))
Package biblatex Info: Trying to load citation style 'numeric'...
Package biblatex Info: ... file 'numeric.cbx' found.

(/usr/share/texmf-dist/tex/latex/biblatex/cbx/numeric.cbx
File: numeric.cbx 2018/11/02 v3.12 biblatex citation style (PK/MW)
Package biblatex Info: Redefining '\cite'.
Package biblatex Info: Redefining '\parencite'.
Package biblatex Info: Redefining '\footcite'.
Package biblatex Info: Redefining '\footcitetext'.
Package biblatex Info: Redefining '\smartcite'.
Package biblatex Info: Redefining '\supercite'.
Package biblatex Info: Redefining '\textcite'.
Package biblatex Info: Redefining '\textcites'.
Package biblatex Info: Redefining '\cites'.
Package biblatex Info: Redefining '\parencites'.
Package biblatex Info: Redefining '\smartcites'.
)
Package biblatex Info: Trying to load configuration file...
Package biblatex Info: ... file 'biblatex.cfg' found.

(/usr/share/texmf-dist/tex/latex/biblatex/biblatex.cfg
File: biblatex.cfg 
))
(/usr/share/texmf-dist/tex/latex/listings/listings.sty
\lst@mode=\count277
\lst@gtempboxa=\box27
\lst@token=\toks15
\lst@length=\count278
\lst@currlwidth=\dimen103
\lst@column=\count279
\lst@pos=\count280
\lst@lostspace=\dimen104
\lst@width=\dimen105
\lst@newlines=\count281
\lst@lineno=\count282
\lst@maxwidth=\dimen106

(/usr/share/texmf-dist/tex/latex/listings/lstmisc.sty
File: lstmisc.sty 2019/02/27 1.8b (Carsten Heinz)
\c@lstnumber=\count283
\lst@skipnumbers=\count284
\lst@framebox=\box28
)
(/usr/share/texmf-dist/tex/latex/listings/listings.cfg
File: listings.cfg 2019/02/27 1.8b listings configuration
))
Package: listings 2019/02/27 1.8b (Carsten Heinz)

(/usr/share/texmf-dist/tex/latex/xcolor/xcolor.sty
Package: xcolor 2016/05/11 v2.12 LaTeX color extensions (UK)

(/usr/share/texmf-dist/tex/latex/graphics-cfg/color.cfg
File: color.cfg 2016/01/02 v1.6 sample color configuration
)
Package xcolor Info: Driver file: pdftex.def on input line 225.

(/usr/share/texmf-dist/tex/latex/graphics-def/pdftex.def
File: pdftex.def 2018/01/08 v1.0l Graphics/color driver for pdftex
)
Package xcolor Info: Model `cmy' substituted by `cmy0' on input line 1348.
Package xcolor Info: Model `hsb' substituted by `rgb' on input line 1352.
Package xcolor Info: Model `RGB' extended on input line 1364.
Package xcolor Info: Model `HTML' substituted by `rgb' on input line 1366.
Package xcolor Info: Model `Hsb' substituted by `hsb' on input line 1367.
Package xcolor Info: Model `tHsb' substituted by `hsb' on input line 1368.
Package xcolor Info: Model `HSB' substituted by `hsb' on input line 1369.
Package xcolor Info: Model `Gray' substituted by `gray' on input line 1370.
Package xcolor Info: Model `wave' substituted by `hsb' on input line 1371.
)
(/usr/share/texmf-dist/tex/latex/amscls/amsthm.sty
Package: amsthm 2017/10/31 v2.20.4
\thm@style=\toks16
\thm@bodyfont=\toks17
\thm@headfont=\toks18
\thm@notefont=\toks19
\thm@headpunct=\toks20
\thm@preskip=\skip65
\thm@postskip=\skip66
\thm@headsep=\skip67
\dth@everypar=\toks21
)
(/usr/share/texmf-dist/tex/latex/amsmath/amsmath.sty
Package: amsmath 2018/12/01 v2.17b AMS math features
\@mathmargin=\skip68

For additional information on amsmath, use the `?' option.
(/usr/share/texmf-dist/tex/latex/amsmath/amstext.sty
Package: amstext 2000/06/29 v2.01 AMS text

(/usr/share/texmf-dist/tex/latex/amsmath/amsgen.sty
File: amsgen.sty 1999/11/30 v2.0 generic functions
\@emptytoks=\toks22
\ex@=\dimen107
))
(/usr/share/texmf-dist/tex/latex/amsmath/amsbsy.sty
Package: amsbsy 1999/11/29 v1.2d Bold Symbols
\pmbraise@=\dimen108
)
(/usr/share/texmf-dist/tex/latex/amsmath/amsopn.sty
Package: amsopn 2016/03/08 v2.02 operator names
)
\inf@bad=\count285
LaTeX Info: Redefining \frac on input line 223.
\uproot@=\count286
\leftroot@=\count287
LaTeX Info: Redefining \overline on input line 385.
\classnum@=\count288
\DOTSCASE@=\count289
LaTeX Info: Redefining \ldots on input line 482.
LaTeX Info: Redefining \dots on input line 485.
LaTeX Info: Redefining \cdots on input line 606.
\Mathstrutbox@=\box29
\strutbox@=\box30
\big@size=\dimen109
LaTeX Font Info:    Redeclaring font encoding OML on input line 729.
LaTeX Font Info:    Redeclaring font encoding OMS on input line 730.
\macc@depth=\count290
\c@MaxMatrixCols=\count291
\dotsspace@=\muskip11
\c@parentequation=\count292
\dspbrk@lvl=\count293
\tag@help=\toks23
\row@=\count294
\column@=\count295
\maxfields@=\count296
\andhelp@=\toks24
\eqnshift@=\dimen110
\alignsep@=\dimen111
\tagshift@=\dimen112
\tagwidth@=\dimen113
\totwidth@=\dimen114
\lineht@=\dimen115
\@envbody=\toks25
\multlinegap=\skip69
\multlinetaggap=\skip70
\mathdisplay@stack=\toks26
LaTeX Info: Redefining \[ on input line 2844.
LaTeX Info: Redefining \] on input line 2845.
)
(/usr/share/texmf-dist/tex/latex/amsfonts/amssymb.sty
Package: amssymb 2013/01/14 v3.01 AMS font symbols

(/usr/share/texmf-dist/tex/latex/amsfonts/amsfonts.sty
Package: amsfonts 2013/01/14 v3.01 Basic AMSFonts support
\symAMSa=\mathgroup4
\symAMSb=\mathgroup5
LaTeX Font Info:    Overwriting math alphabet `\mathfrak' in version `bold'
(Font)                  U/euf/m/n --> U/euf/b/n on input line 106.
))
(/usr/share/texmf-dist/tex/latex/tools/array.sty
Package: array 2018/12/30 v2.4k Tabular extension package (FMi)
\col@sep=\dimen116
\ar@mcellbox=\box31
\extrarowheight=\dimen117
\NC@list=\toks27
\extratabsurround=\skip71
\backup@length=\skip72
\ar@cellbox=\box32
)
(/usr/share/texmf-dist/tex/latex/graphics/graphicx.sty
Package: graphicx 2017/06/01 v1.1a Enhanced LaTeX Graphics (DPC,SPQR)

(/usr/share/texmf-dist/tex/latex/graphics/graphics.sty
Package: graphics 2017/06/25 v1.2c Standard LaTeX Graphics (DPC,SPQR)

(/usr/share/texmf-dist/tex/latex/graphics/trig.sty
Package: trig 2016/01/03 v1.10 sin cos tan (DPC)
)
(/usr/share/texmf-dist/tex/latex/graphics-cfg/graphics.cfg
File: graphics.cfg 2016/06/04 v1.11 sample graphics configuration
)
Package graphics Info: Driver file: pdftex.def on input line 99.
)
\Gin@req@height=\dimen118
\Gin@req@width=\dimen119
)
(/usr/share/texmf-dist/tex/latex/float/float.sty
Package: float 2001/11/08 v1.3d Float enhancements (AL)
\c@float@type=\count297
\float@exts=\toks28
\float@box=\box33
\@float@everytoks=\toks29
\@floatcapt=\box34
)
(/usr/share/texmf-dist/tex/latex/enumitem/enumitem.sty
Package: enumitem 2019/02/04 v3.8 Customized lists
\labelindent=\skip73
\enit@outerparindent=\dimen120
\enit@toks=\toks30
\enit@inbox=\box35
\enit@count@id=\count298
\enitdp@description=\count299
)
\c@df=\count300
\c@ex=\count301
Package biblatex Info: Trying to load language 'english'...
Package biblatex Info: ... file 'english.lbx' found.

(/usr/share/texmf-dist/tex/latex/biblatex/lbx/english.lbx
File: english.lbx 2018/11/02 v3.12 biblatex localization (PK/MW)
)
\@quotelevel=\count302
\@quotereset=\count303

(/home/michael/Documents/Notes/OpenCV/opencv_documentation_notes.aux

LaTeX Warning: Label `table:ocv_vca_props' multiply defined.


LaTeX Warning: Label `table:col_struct_el' multiply defined.

)
\openout1 = `opencv_documentation_notes.aux'.

LaTeX Font Info:    Checking defaults for OML/cmm/m/it on input line 60.
LaTeX Font Info:    ... okay on input line 60.
LaTeX Font Info:    Checking defaults for T1/cmr/m/n on input line 60.
LaTeX Font Info:    ... okay on input line 60.
LaTeX Font Info:    Checking defaults for OT1/cmr/m/n on input line 60.
LaTeX Font Info:    ... okay on input line 60.
LaTeX Font Info:    Checking defaults for OMS/cmsy/m/n on input line 60.
LaTeX Font Info:    ... okay on input line 60.
LaTeX Font Info:    Checking defaults for OMX/cmex/m/n on input line 60.
LaTeX Font Info:    ... okay on input line 60.
LaTeX Font Info:    Checking defaults for U/cmr/m/n on input line 60.
LaTeX Font Info:    ... okay on input line 60.
Package biblatex Info: Input encoding 'utf8' detected.
Package biblatex Info: Automatic encoding selection.
(biblatex)             Assuming data encoding 'utf8'.
\openout3 = `opencv_documentation_notes.bcf'.

Package biblatex Info: Trying to load bibliographic data...
Package biblatex Info: ... file 'opencv_documentation_notes.bbl' found.
 (/home/michael/Documents/Notes/OpenCV/opencv_documentation_notes.bbl)
Package biblatex Info: Reference section=0 on input line 60.
Package biblatex Info: Reference segment=0 on input line 60.
\c@lstlisting=\count304

(/usr/share/texmf-dist/tex/context/base/mkii/supp-pdf.mkii
[Loading MPS to PDF converter (version 2006.09.02).]
\scratchcounter=\count305
\scratchdimen=\dimen121
\scratchbox=\box36
\nofMPsegments=\count306
\nofMParguments=\count307
\everyMPshowfont=\toks31
\MPscratchCnt=\count308
\MPscratchDim=\dimen122
\MPnumerator=\count309
\makeMPintoPDFobject=\count310
\everyMPtoPDFconversion=\toks32
) (/usr/share/texmf-dist/tex/latex/oberdiek/epstopdf-base.sty
Package: epstopdf-base 2016/05/15 v2.6 Base part for package epstopdf

(/usr/share/texmf-dist/tex/latex/oberdiek/grfext.sty
Package: grfext 2016/05/16 v1.2 Manage graphics extensions (HO)

(/usr/share/texmf-dist/tex/generic/oberdiek/kvdefinekeys.sty
Package: kvdefinekeys 2016/05/16 v1.4 Define keys (HO)
))
Package epstopdf-base Info: Redefining graphics rule for `.eps' on input line 4
38.
Package grfext Info: Graphics extension search list:
(grfext)             [.pdf,.png,.jpg,.mps,.jpeg,.jbig2,.jb2,.PDF,.PNG,.JPG,.JPE
G,.JBIG2,.JB2,.eps]
(grfext)             \AppendGraphicsExtensions on input line 456.

(/usr/share/texmf-dist/tex/latex/latexconfig/epstopdf-sys.cfg
File: epstopdf-sys.cfg 2010/07/13 v1.3 Configuration of (r)epstopdf for TeX Liv
e
))
LaTeX Font Info:    Try loading font information for U+msa on input line 65.

(/usr/share/texmf-dist/tex/latex/amsfonts/umsa.fd
File: umsa.fd 2013/01/14 v3.01 AMS symbols A
)
LaTeX Font Info:    Try loading font information for U+msb on input line 65.

(/usr/share/texmf-dist/tex/latex/amsfonts/umsb.fd
File: umsb.fd 2013/01/14 v3.01 AMS symbols B
)
(/home/michael/Documents/Notes/OpenCV/opencv_documentation_notes.toc [1

{/var/lib/texmf/fonts/map/pdftex/updmap/pdftex.map}])
\tf@toc=\write4
\openout4 = `opencv_documentation_notes.toc'.

 [2]
(/usr/share/texmf-dist/tex/latex/listings/lstlang1.sty
File: lstlang1.sty 2019/02/27 1.8b listings language file
)
(/usr/share/texmf-dist/tex/latex/listings/lstlang1.sty
File: lstlang1.sty 2019/02/27 1.8b listings language file
)
(/usr/share/texmf-dist/tex/latex/listings/lstlang1.sty
File: lstlang1.sty 2019/02/27 1.8b listings language file
) [3]
Underfull \hbox (badness 10000) in paragraph at lines 194--196

 []

[4]
Underfull \hbox (badness 10000) in paragraph at lines 197--199

 []


Underfull \hbox (badness 10000) in paragraph at lines 200--202

 []


Overfull \hbox (4.64594pt too wide) in paragraph at lines 251--252
[][][][][][][][][][][][][][][][][][][][][][][][][][][][][][][][][][][][][][][][
][][][][][][][][][][][][][]
 []

[5] [6] [7]
Underfull \hbox (badness 10000) in paragraph at lines 353--354

 []


Overfull \hbox (20.43306pt too wide) in paragraph at lines 387--426
 [][] 
 []


LaTeX Warning: `!h' float specifier changed to `!ht'.

[8] [9] [10

] [11]
Underfull \hbox (badness 10000) in paragraph at lines 548--549

 []


Underfull \hbox (badness 10000) in paragraph at lines 562--563

 []


Underfull \hbox (badness 10000) in paragraph at lines 579--580

 []


Underfull \hbox (badness 10000) in paragraph at lines 601--602

 []

[12] [13] [14] [15] [16] [17] [18]
Underfull \hbox (badness 5939) in paragraph at lines 966--967
[]|\OT1/cmr/m/n/10 base of nat-u-ral log-a-rithms, e =
 []


Overfull \hbox (32.43304pt too wide) in paragraph at lines 959--971
 [][] 
 []

[19] [20]
<./images/matplotlib_figure_anatomy.png, id=75, 803.0pt x 803.0pt>
File: ./images/matplotlib_figure_anatomy.png Graphic file (type png)
<use ./images/matplotlib_figure_anatomy.png>
Package pdftex.def Info: ./images/matplotlib_figure_anatomy.png  used on input 
line 1022.
(pdftex.def)             Requested size: 345.0pt x 345.00146pt.
 [21 <./images/matplotlib_figure_anatomy.png>] [22

]
<./images/matplotlib_simple_plot.png, id=82, 462.528pt x 346.896pt>
File: ./images/matplotlib_simple_plot.png Graphic file (type png)
<use ./images/matplotlib_simple_plot.png>
Package pdftex.def Info: ./images/matplotlib_simple_plot.png  used on input lin
e 1068.
(pdftex.def)             Requested size: 172.5pt x 129.37639pt.


LaTeX Warning: `!h' float specifier changed to `!ht'.


LaTeX Warning: `!h' float specifier changed to `!ht'.


LaTeX Warning: `!h' float specifier changed to `!ht'.

[23 <./images/matplotlib_simple_plot.png>]

LaTeX Warning: Text page 24 contains only floats.

[24]
<./images/matplotlib_magenta_markers.png, id=91, 462.528pt x 346.896pt>
File: ./images/matplotlib_magenta_markers.png Graphic file (type png)
<use ./images/matplotlib_magenta_markers.png>
Package pdftex.def Info: ./images/matplotlib_magenta_markers.png  used on input
 line 1185.
(pdftex.def)             Requested size: 172.5pt x 129.37639pt.
 [25 <./images/matplotlib_magenta_markers.png>]
<./images/matplotlib_using_kwdata.png, id=97, 462.528pt x 346.896pt>
File: ./images/matplotlib_using_kwdata.png Graphic file (type png)
<use ./images/matplotlib_using_kwdata.png>
Package pdftex.def Info: ./images/matplotlib_using_kwdata.png  used on input li
ne 1232.
(pdftex.def)             Requested size: 172.5pt x 129.37639pt.
<./images/matplotlib_cat_vars.png, id=98, 650.43pt x 216.81pt>
File: ./images/matplotlib_cat_vars.png Graphic file (type png)
<use ./images/matplotlib_cat_vars.png>
Package pdftex.def Info: ./images/matplotlib_cat_vars.png  used on input line 1
266.
(pdftex.def)             Requested size: 345.0pt x 115.00137pt.


LaTeX Warning: `h' float specifier changed to `ht'.

[26 <./images/matplotlib_using_kwdata.png>]
Overfull \hbox (1.83125pt too wide) in paragraph at lines 1287--1288
[]\OT1/cmr/m/it/10 Note. []\OT1/cmr/m/n/10 Takes other pa-ram-e-ters such as: [
][][][][][][]
 []


LaTeX Warning: `!h' float specifier changed to `!ht'.


Underfull \hbox (badness 10000) in paragraph at lines 1344--1345

 []


Underfull \hbox (badness 10000) in paragraph at lines 1347--1348

 []


Underfull \hbox (badness 10000) in paragraph at lines 1349--1350

 []


Underfull \hbox (badness 10000) in paragraph at lines 1351--1352

 []


Overfull \hbox (20.43306pt too wide) in paragraph at lines 1360--1383
 [][] 
 []


LaTeX Warning: `!h' float specifier changed to `!ht'.

[27 <./images/matplotlib_cat_vars.png>]
Underfull \hbox (badness 10000) in paragraph at lines 1399--1400

 []

[28]
<./images/matplotlib_annotating_plots.png, id=110, 462.528pt x 346.896pt>
File: ./images/matplotlib_annotating_plots.png Graphic file (type png)
<use ./images/matplotlib_annotating_plots.png>
Package pdftex.def Info: ./images/matplotlib_annotating_plots.png  used on inpu
t line 1421.
(pdftex.def)             Requested size: 345.0pt x 258.76335pt.


LaTeX Warning: `h' float specifier changed to `ht'.


Underfull \hbox (badness 10000) in paragraph at lines 1429--1430

 []

[29]
Underfull \hbox (badness 10000) in paragraph at lines 1431--1432

 []


Underfull \hbox (badness 10000) in paragraph at lines 1433--1434

 []

LaTeX Font Info:    Try loading font information for OMS+cmr on input line 1439
.
(/usr/share/texmf-dist/tex/latex/base/omscmr.fd
File: omscmr.fd 2014/09/29 v2.5h Standard LaTeX font definitions
)
LaTeX Font Info:    Font shape `OMS/cmr/m/n' in size <10> not available
(Font)              Font shape `OMS/cmsy/m/n' tried instead on input line 1439.

 [30 <./images/matplotlib_annotating_plots.png>]
<./images/matplotlib_axis_scale.png, id=118, 462.528pt x 346.896pt>
File: ./images/matplotlib_axis_scale.png Graphic file (type png)
<use ./images/matplotlib_axis_scale.png>
Package pdftex.def Info: ./images/matplotlib_axis_scale.png  used on input line
 1480.
(pdftex.def)             Requested size: 345.0178pt x 227.62346pt.
 [31 <./images/matplotlib_axis_scale.png>]
Underfull \hbox (badness 10000) in paragraph at lines 1497--1498

 []

<./images/matplotlib_img.png, id=124, 462.528pt x 346.896pt>
File: ./images/matplotlib_img.png Graphic file (type png)
<use ./images/matplotlib_img.png>
Package pdftex.def Info: ./images/matplotlib_img.png  used on input line 1551.
(pdftex.def)             Requested size: 241.49895pt x 181.12799pt.
[32]
<./images/matplotlib_col_bar.png, id=128, 462.528pt x 346.896pt>
File: ./images/matplotlib_col_bar.png Graphic file (type png)
<use ./images/matplotlib_col_bar.png>
Package pdftex.def Info: ./images/matplotlib_col_bar.png  used on input line 15
71.
(pdftex.def)             Requested size: 241.49895pt x 181.12799pt.

Underfull \hbox (badness 10000) in paragraph at lines 1580--1581

 []

[33 <./images/matplotlib_img.png> <./images/matplotlib_col_bar.png>]
Overfull \hbox (14.09583pt too wide) in paragraph at lines 1582--1583
[][][][][][][][][][][][][][][][][][][][][][][][][][][][][][][][][][][][][][][][
][][][][][][][][][][][][][][][]
 []

<./images/matplotlib_exm_img.png, id=134, 462.528pt x 346.896pt>
File: ./images/matplotlib_exm_img.png Graphic file (type png)
<use ./images/matplotlib_exm_img.png>
Package pdftex.def Info: ./images/matplotlib_exm_img.png  used on input line 15
97.
(pdftex.def)             Requested size: 241.49895pt x 181.12799pt.
<./images/matplotlib_ceil_img.png, id=135, 462.528pt x 346.896pt>
File: ./images/matplotlib_ceil_img.png Graphic file (type png)
<use ./images/matplotlib_ceil_img.png>
Package pdftex.def Info: ./images/matplotlib_ceil_img.png  used on input line 1
613.
(pdftex.def)             Requested size: 241.49895pt x 181.12799pt.
[34 <./images/matplotlib_exm_img.png>] [35 <./images/matplotlib_ceil_img.png>]
Underfull \hbox (badness 10000) in paragraph at lines 1625--1626

 []

[36]
Underfull \hbox (badness 10000) in paragraph at lines 1682--1683

 []


Overfull \hbox (2.93684pt too wide) in paragraph at lines 1706--1706
[]|\OT1/cmr/bx/n/8 IMREAD[]REDUCED[]GRAYSCALE[]2| 
 []


Overfull \hbox (2.93684pt too wide) in paragraph at lines 1710--1710
[]|\OT1/cmr/bx/n/8 IMREAD[]REDUCED[]GRAYSCALE[]4| 
 []


Overfull \hbox (2.93684pt too wide) in paragraph at lines 1714--1714
[]|\OT1/cmr/bx/n/8 IMREAD[]REDUCED[]GRAYSCALE[]8| 
 []


Overfull \hbox (43.19534pt too wide) in paragraph at lines 1690--1721
 [][] 
 []

[37]
Underfull \hbox (badness 10000) in paragraph at lines 1746--1747

 []


Underfull \hbox (badness 10000) in paragraph at lines 1752--1753

 []


Underfull \hbox (badness 10000) in paragraph at lines 1757--1758

 []


Underfull \hbox (badness 10000) in paragraph at lines 1761--1762

 []


Underfull \hbox (badness 10000) in paragraph at lines 1775--1776

 []


Underfull \hbox (badness 10000) in paragraph at lines 1777--1778

 []

[38]
<./images/opencv_inv_cols.png, id=155, 462.528pt x 346.896pt>
File: ./images/opencv_inv_cols.png Graphic file (type png)
<use ./images/opencv_inv_cols.png>
Package pdftex.def Info: ./images/opencv_inv_cols.png  used on input line 1804.

(pdftex.def)             Requested size: 345.0pt x 258.76335pt.
 [39 <./images/opencv_inv_cols.png>]
Underfull \hbox (badness 10000) in paragraph at lines 1820--1821

 []

LaTeX Font Info:    Font shape `OT1/cmtt/bx/n' in size <9> not available
(Font)              Font shape `OT1/cmtt/m/n' tried instead on input line 1852.


Underfull \hbox (badness 10000) in paragraph at lines 1858--1859

 []


Underfull \hbox (badness 10000) in paragraph at lines 1862--1863

 []


Underfull \hbox (badness 10000) in paragraph at lines 1866--1867

 []


Underfull \hbox (badness 10000) in paragraph at lines 1870--1871

 []

[40]
Underfull \hbox (badness 10000) in paragraph at lines 1874--1875

 []


Underfull \hbox (badness 10000) in paragraph at lines 1878--1879

 []


Underfull \hbox (badness 10000) in paragraph at lines 1882--1883

 []


Underfull \hbox (badness 4279) in paragraph at lines 1908--1909
[]|\OT1/cmr/m/n/10 Boolean flags in-di-cat-ing whether im-ages
 []


Overfull \hbox (20.43306pt too wide) in paragraph at lines 1888--1911
 [][] 
 []

[41]
Underfull \hbox (badness 10000) in paragraph at lines 1944--1945

 []


Underfull \hbox (badness 10000) in paragraph at lines 1948--1949

 []


Underfull \hbox (badness 10000) in paragraph at lines 1952--1953

 []


Underfull \hbox (badness 10000) in paragraph at lines 1993--1993

 []

[42]
Underfull \hbox (badness 10000) in paragraph at lines 1993--1994

 []


Underfull \hbox (badness 10000) in paragraph at lines 2000--2000

 []


Underfull \hbox (badness 10000) in paragraph at lines 2004--2005

 []


Underfull \hbox (badness 10000) in paragraph at lines 2008--2009

 []


Underfull \hbox (badness 10000) in paragraph at lines 2012--2013

 []


Underfull \hbox (badness 10000) in paragraph at lines 2016--2017

 []


Underfull \hbox (badness 10000) in paragraph at lines 2021--2022

 []


Underfull \hbox (badness 10000) in paragraph at lines 2026--2027

 []


Underfull \hbox (badness 1205) in paragraph at lines 2035--2036
[]|\OT1/cmr/m/n/10 Current qual-ity (0..100%) of the en-coded
 []


Overfull \hbox (4.543pt too wide) in paragraph at lines 2037--2037
[]|\OT1/cmr/bx/n/8 VIDEOWRITER[]FRAMEBYTES| 
 []


Overfull \hbox (20.43306pt too wide) in paragraph at lines 2031--2042
 [][] 
 []

[43]
<./images/opencv_lines.png, id=174, 513.92pt x 513.92pt>
File: ./images/opencv_lines.png Graphic file (type png)
<use ./images/opencv_lines.png>
Package pdftex.def Info: ./images/opencv_lines.png  used on input line 2069.
(pdftex.def)             Requested size: 172.5pt x 172.50342pt.
<./images/computer_graphics.png, id=175, 360.60495pt x 114.73795pt>
File: ./images/computer_graphics.png Graphic file (type png)
<use ./images/computer_graphics.png>
Package pdftex.def Info: ./images/computer_graphics.png  used on input line 208
3.
(pdftex.def)             Requested size: 286.35063pt x 91.11293pt.
 [44 <./images/opencv_lines.png (PNG copy)> <./images/computer_graphics.png (PN
G copy)>]
<./images/opencv_rect.png, id=179, 513.92pt x 513.92pt>
File: ./images/opencv_rect.png Graphic file (type png)
<use ./images/opencv_rect.png>
Package pdftex.def Info: ./images/opencv_rect.png  used on input line 2103.
(pdftex.def)             Requested size: 172.5pt x 172.50342pt.

Overfull \hbox (14.09583pt too wide) in paragraph at lines 2126--2127
[][][][][][][][][][][][][][][][][][][][][][][][][][][][][][][][][][][][][][][][
][][][][][][][][][][][]
 []

<./images/opencv_elip.png, id=180, 513.92pt x 513.92pt>
File: ./images/opencv_elip.png Graphic file (type png)
<use ./images/opencv_elip.png>
Package pdftex.def Info: ./images/opencv_elip.png  used on input line 2137.
(pdftex.def)             Requested size: 172.5pt x 172.50342pt.

LaTeX Warning: `!h' float specifier changed to `!ht'.

[45 <./images/opencv_rect.png (PNG copy)>]
<./images/opencv_polylines.png, id=184, 513.92pt x 513.92pt>
File: ./images/opencv_polylines.png Graphic file (type png)
<use ./images/opencv_polylines.png>
Package pdftex.def Info: ./images/opencv_polylines.png  used on input line 2156
.
(pdftex.def)             Requested size: 172.5pt x 172.50342pt.

Overfull \hbox (4.64594pt too wide) in paragraph at lines 2165--2166
[][][][][][][][][][][][][][][][][][][][][][][][][][][][][][][][][][][][][][][][
][][][][][][][][][][][]
 []

[46 <./images/opencv_elip.png (PNG copy)> <./images/opencv_polylines.png (PNG c
opy)>]
<./images/opencv_text.png, id=188, 513.92pt x 513.92pt>
File: ./images/opencv_text.png Graphic file (type png)
<use ./images/opencv_text.png>
Package pdftex.def Info: ./images/opencv_text.png  used on input line 2174.
(pdftex.def)             Requested size: 172.5pt x 172.50342pt.

Underfull \hbox (badness 10000) in paragraph at lines 2182--2183

 []


Underfull \hbox (badness 10000) in paragraph at lines 2184--2185

 []


Overfull \hbox (14.09583pt too wide) in paragraph at lines 2186--2187
[][][][][][][][][][][][][][][][][][][][][][][][][][][][][][][][][][][][][][][][
][][][]
 []


Underfull \hbox (badness 10000) in paragraph at lines 2186--2187

 []

[47 <./images/opencv_text.png (PNG copy)>]
Underfull \hbox (badness 10000) in paragraph at lines 2198--2199

 []


Overfull \hbox (20.43306pt too wide) in paragraph at lines 2207--2228
 [][] 
 []


Underfull \hbox (badness 10000) in paragraph at lines 2232--2233

 []


Underfull \hbox (badness 10000) in paragraph at lines 2234--2235

 []


Underfull \hbox (badness 10000) in paragraph at lines 2236--2237

 []


Underfull \hbox (badness 10000) in paragraph at lines 2238--2239

 []


Underfull \hbox (badness 10000) in paragraph at lines 2240--2241

 []

[48]
Underfull \hbox (badness 10000) in paragraph at lines 2252--2253

 []


Underfull \hbox (badness 10000) in paragraph at lines 2254--2255

 []


Underfull \hbox (badness 1424) in paragraph at lines 2269--2270
[]|\OT1/cmr/m/n/10 indicates that the right mouse but-ton is
 []


Overfull \hbox (20.43306pt too wide) in paragraph at lines 2261--2290
 [][] 
 []

[49]
Underfull \hbox (badness 10000) in paragraph at lines 2316--2317

 []


Underfull \hbox (badness 10000) in paragraph at lines 2320--2321

 []


Overfull \hbox (20.43306pt too wide) in paragraph at lines 2325--2342
 [][] 
 []


Underfull \hbox (badness 10000) in paragraph at lines 2349--2350

 []


Underfull \hbox (badness 10000) in paragraph at lines 2353--2354

 []

[50]
Underfull \hbox (badness 10000) in paragraph at lines 2355--2356

 []


Underfull \hbox (badness 10000) in paragraph at lines 2376--2377

 []


Underfull \hbox (badness 10000) in paragraph at lines 2379--2380

 []


Underfull \hbox (badness 10000) in paragraph at lines 2381--2382

 []


Underfull \hbox (badness 10000) in paragraph at lines 2383--2384

 []


Underfull \hbox (badness 10000) in paragraph at lines 2385--2386

 []

[51]
<./images/HSV_col_space.png, id=206, 462.528pt x 346.896pt>
File: ./images/HSV_col_space.png Graphic file (type png)
<use ./images/HSV_col_space.png>
Package pdftex.def Info: ./images/HSV_col_space.png  used on input line 2411.
(pdftex.def)             Requested size: 345.0pt x 258.76335pt.
 [52 <./images/HSV_col_space.png>]
Underfull \hbox (badness 10000) in paragraph at lines 2429--2430

 []


Underfull \hbox (badness 10000) in paragraph at lines 2431--2432

 []


Overfull \hbox (20.43306pt too wide) in paragraph at lines 2449--2472
 [][] 
 []


Underfull \hbox (badness 10000) in paragraph at lines 2477--2478

 []

[53]
Underfull \hbox (badness 10000) in paragraph at lines 2491--2492

 []


Underfull \hbox (badness 10000) in paragraph at lines 2509--2510

 []

<./images/ocv_addition.png, id=214, 650.43pt x 216.81pt>
File: ./images/ocv_addition.png Graphic file (type png)
<use ./images/ocv_addition.png>
Package pdftex.def Info: ./images/ocv_addition.png  used on input line 2524.
(pdftex.def)             Requested size: 345.0pt x 115.00137pt.
[54 <./images/ocv_addition.png>]
Underfull \hbox (badness 10000) in paragraph at lines 2537--2538

 []

<./images/ocv_subtraction.png, id=219, 650.43pt x 216.81pt>
File: ./images/ocv_subtraction.png Graphic file (type png)
<use ./images/ocv_subtraction.png>
Package pdftex.def Info: ./images/ocv_subtraction.png  used on input line 2553.

(pdftex.def)             Requested size: 345.0pt x 115.00137pt.

Underfull \hbox (badness 10000) in paragraph at lines 2573--2574

 []

[55 <./images/ocv_subtraction.png>]
<./images/ocv_multiplication.png, id=225, 650.43pt x 216.81pt>
File: ./images/ocv_multiplication.png Graphic file (type png)
<use ./images/ocv_multiplication.png>
Package pdftex.def Info: ./images/ocv_multiplication.png  used on input line 25
86.
(pdftex.def)             Requested size: 345.0pt x 115.00137pt.

Underfull \hbox (badness 10000) in paragraph at lines 2607--2608

 []


Underfull \hbox (badness 10000) in paragraph at lines 2613--2614

 []

[56 <./images/ocv_multiplication.png>]
<./images/ocv_division.png, id=230, 650.43pt x 216.81pt>
File: ./images/ocv_division.png Graphic file (type png)
<use ./images/ocv_division.png>
Package pdftex.def Info: ./images/ocv_division.png  used on input line 2623.
(pdftex.def)             Requested size: 345.0pt x 115.00137pt.

Underfull \hbox (badness 10000) in paragraph at lines 2653--2654

 []

<./images/ocv_AND.png, id=231, 650.43pt x 216.81pt>
File: ./images/ocv_AND.png Graphic file (type png)
<use ./images/ocv_AND.png>
Package pdftex.def Info: ./images/ocv_AND.png  used on input line 2666.
(pdftex.def)             Requested size: 345.0pt x 115.00137pt.
[57 <./images/ocv_division.png>]
<./images/ocv_OR.png, id=236, 650.43pt x 216.81pt>
File: ./images/ocv_OR.png Graphic file (type png)
<use ./images/ocv_OR.png>
Package pdftex.def Info: ./images/ocv_OR.png  used on input line 2705.
(pdftex.def)             Requested size: 345.0pt x 115.00137pt.
 [58 <./images/ocv_AND.png> <./images/ocv_OR.png>]
<./images/ocv_XOR.png, id=242, 650.43pt x 216.81pt>
File: ./images/ocv_XOR.png Graphic file (type png)
<use ./images/ocv_XOR.png>
Package pdftex.def Info: ./images/ocv_XOR.png  used on input line 2750.
(pdftex.def)             Requested size: 345.0pt x 115.00137pt.
 [59 <./images/ocv_XOR.png>]
<./images/ocv_NOT.png, id=248, 650.43pt x 216.81pt>
File: ./images/ocv_NOT.png Graphic file (type png)
<use ./images/ocv_NOT.png>
Package pdftex.def Info: ./images/ocv_NOT.png  used on input line 2791.
(pdftex.def)             Requested size: 345.0pt x 115.00137pt.
 [60 <./images/ocv_NOT.png>]
Underfull \hbox (badness 10000) in paragraph at lines 2814--2815

 []

<./images/ocv_ith_basic.png, id=253, 650.43pt x 289.08pt>
File: ./images/ocv_ith_basic.png Graphic file (type png)
<use ./images/ocv_ith_basic.png>
Package pdftex.def Info: ./images/ocv_ith_basic.png  used on input line 2830.
(pdftex.def)             Requested size: 345.0pt x 153.33517pt.

Overfull \hbox (20.43306pt too wide) in paragraph at lines 2841--2890
 [][] 
 []

[61 <./images/ocv_ith_basic.png>]
Underfull \hbox (badness 10000) in paragraph at lines 2896--2897

 []


Underfull \hbox (badness 10000) in paragraph at lines 2898--2899

 []


Underfull \hbox (badness 10000) in paragraph at lines 2901--2902

 []

[62]
<./images/ocv_ith_adaptive.png, id=263, 650.43pt x 216.81pt>
File: ./images/ocv_ith_adaptive.png Graphic file (type png)
<use ./images/ocv_ith_adaptive.png>
Package pdftex.def Info: ./images/ocv_ith_adaptive.png  used on input line 2918
.
(pdftex.def)             Requested size: 345.0pt x 115.00137pt.
 [63 <./images/ocv_ith_adaptive.png>]
<./images/ocv_otsu.png, id=269, 650.43pt x 216.81pt>
File: ./images/ocv_otsu.png Graphic file (type png)
<use ./images/ocv_otsu.png>
Package pdftex.def Info: ./images/ocv_otsu.png  used on input line 2952.
(pdftex.def)             Requested size: 345.0pt x 115.00137pt.
 [64 <./images/ocv_otsu.png>]
Underfull \hbox (badness 10000) in paragraph at lines 2990--2992

 []


Underfull \hbox (badness 10000) in paragraph at lines 3005--3006

 []


Underfull \hbox (badness 10000) in paragraph at lines 3040--3041

 []

[65]
Underfull \hbox (badness 10000) in paragraph at lines 3064--3066

 []


Underfull \hbox (badness 10000) in paragraph at lines 3066--3067

 []


Underfull \hbox (badness 10000) in paragraph at lines 3067--3068

 []


Underfull \hbox (badness 10000) in paragraph at lines 3068--3069

 []


Underfull \hbox (badness 10000) in paragraph at lines 3099--3100

 []

[66]
Overfull \hbox (17.58386pt too wide) in paragraph at lines 3138--3139
[]\OT1/cmr/m/n/10 The cen-tral point $150$ is un-rep-re-sen-ta-tive of the sur-
round-ing pix-els: $115\OML/cmm/m/it/10 ; \OT1/cmr/m/n/10 119\OML/cmm/m/it/10 ;
 \OT1/cmr/m/n/10 120\OML/cmm/m/it/10 ; [] 
 []


Underfull \hbox (badness 10000) in paragraph at lines 3142--3143

 []


Underfull \hbox (badness 10000) in paragraph at lines 3146--3147

 []


Underfull \hbox (badness 10000) in paragraph at lines 3150--3151

 []

[67]
<./images/plot_2dnorm.png, id=284, 386.44376pt x 247.92625pt>
File: ./images/plot_2dnorm.png Graphic file (type png)
<use ./images/plot_2dnorm.png>
Package pdftex.def Info: ./images/plot_2dnorm.png  used on input line 3165.
(pdftex.def)             Requested size: 207.0021pt x 132.80379pt.
 [68 <./images/plot_2dnorm.png>]
Underfull \hbox (badness 10000) in paragraph at lines 3238--3239

 []


Underfull \hbox (badness 10000) in paragraph at lines 3241--3242

 []


Underfull \hbox (badness 10000) in paragraph at lines 3248--3249

 []

<./images/bilat_filt_coeffs.png, id=291, 508.90125pt x 291.31516pt>
File: ./images/bilat_filt_coeffs.png Graphic file (type png)
<use ./images/bilat_filt_coeffs.png>
Package pdftex.def Info: ./images/bilat_filt_coeffs.png  used on input line 326
0.
(pdftex.def)             Requested size: 345.0pt x 197.50047pt.

LaTeX Warning: `!h' float specifier changed to `!ht'.

[69]
<./images/bilat_filt_effect.png, id=295, 514.92375pt x 175.83217pt>
File: ./images/bilat_filt_effect.png Graphic file (type png)
<use ./images/bilat_filt_effect.png>
Package pdftex.def Info: ./images/bilat_filt_effect.png  used on input line 327
2.
(pdftex.def)             Requested size: 345.0pt x 117.80962pt.
 [70 <./images/bilat_filt_coeffs.png (PNG copy)> <./images/bilat_filt_effect.pn
g (PNG copy)>]
<./images/ocv_mean_filtering.png, id=299, 650.43pt x 216.81pt>
File: ./images/ocv_mean_filtering.png Graphic file (type png)
<use ./images/ocv_mean_filtering.png>
Package pdftex.def Info: ./images/ocv_mean_filtering.png  used on input line 32
97.
(pdftex.def)             Requested size: 345.0pt x 115.00137pt.
<./images/ocv_median_filtering.png, id=300, 650.43pt x 216.81pt>
File: ./images/ocv_median_filtering.png Graphic file (type png)
<use ./images/ocv_median_filtering.png>
Package pdftex.def Info: ./images/ocv_median_filtering.png  used on input line 
3313.
(pdftex.def)             Requested size: 345.0pt x 115.00137pt.
 [71 <./images/ocv_mean_filtering.png> <./images/ocv_median_filtering.png>]
<./images/ocv_gaussian_filtering.png, id=306, 650.43pt x 216.81pt>
File: ./images/ocv_gaussian_filtering.png Graphic file (type png)
<use ./images/ocv_gaussian_filtering.png>
Package pdftex.def Info: ./images/ocv_gaussian_filtering.png  used on input lin
e 3333.
(pdftex.def)             Requested size: 345.0pt x 115.00137pt.
<./images/ocv_bilateral_filtering.png, id=307, 650.43pt x 216.81pt>
File: ./images/ocv_bilateral_filtering.png Graphic file (type png)
<use ./images/ocv_bilateral_filtering.png>
Package pdftex.def Info: ./images/ocv_bilateral_filtering.png  used on input li
ne 3349.
(pdftex.def)             Requested size: 345.0pt x 115.00137pt.
 [72 <./images/ocv_gaussian_filtering.png> <./images/ocv_bilateral_filtering.pn
g>]
Underfull \hbox (badness 10000) in paragraph at lines 3366--3367

 []


Underfull \hbox (badness 10000) in paragraph at lines 3424--3425

 []


Overfull \hbox (20.43306pt too wide) in paragraph at lines 3445--3467
 [][] 
 []

[73]
Underfull \hbox (badness 10000) in paragraph at lines 3473--3474

 []


Underfull \hbox (badness 10000) in paragraph at lines 3490--3491

 []


Underfull \hbox (badness 10000) in paragraph at lines 3506--3507

 []


Underfull \hbox (badness 10000) in paragraph at lines 3508--3509

 []

[74]
Underfull \hbox (badness 10000) in paragraph at lines 3510--3511

 []

<./images/ocv_gt_rotation.png, id=320, 650.43pt x 216.81pt>
File: ./images/ocv_gt_rotation.png Graphic file (type png)
<use ./images/ocv_gt_rotation.png>
Package pdftex.def Info: ./images/ocv_gt_rotation.png  used on input line 3524.

(pdftex.def)             Requested size: 345.0pt x 115.00137pt.
[75 <./images/ocv_gt_rotation.png>]
Underfull \hbox (badness 10000) in paragraph at lines 3561--3562

 []

<./images/ocv_gt_translation.png, id=325, 650.43pt x 216.81pt>
File: ./images/ocv_gt_translation.png Graphic file (type png)
<use ./images/ocv_gt_translation.png>
Package pdftex.def Info: ./images/ocv_gt_translation.png  used on input line 35
73.
(pdftex.def)             Requested size: 345.0pt x 115.00137pt.

Underfull \hbox (badness 10000) in paragraph at lines 3582--3583

 []


Underfull \hbox (badness 10000) in paragraph at lines 3601--3602

 []


Underfull \hbox (badness 10000) in paragraph at lines 3603--3604

 []


Underfull \hbox (badness 10000) in paragraph at lines 3616--3617

 []

[76 <./images/ocv_gt_translation.png>]
Underfull \hbox (badness 10000) in paragraph at lines 3618--3619

 []


Underfull \hbox (badness 10000) in paragraph at lines 3631--3632

 []


Underfull \hbox (badness 10000) in paragraph at lines 3633--3634

 []


Underfull \hbox (badness 10000) in paragraph at lines 3646--3647

 []


Underfull \hbox (badness 10000) in paragraph at lines 3648--3649

 []

<./images/ocv_gt_afftran.png, id=330, 650.43pt x 216.81pt>
File: ./images/ocv_gt_afftran.png Graphic file (type png)
<use ./images/ocv_gt_afftran.png>
Package pdftex.def Info: ./images/ocv_gt_afftran.png  used on input line 3670.
(pdftex.def)             Requested size: 345.0pt x 115.00137pt.

LaTeX Warning: `!h' float specifier changed to `!ht'.


Underfull \hbox (badness 10000) in paragraph at lines 3683--3684

 []


Underfull \hbox (badness 10000) in paragraph at lines 3685--3686

 []

[77]
<./images/ocv_gt_pertran.png, id=334, 650.43pt x 216.81pt>
File: ./images/ocv_gt_pertran.png Graphic file (type png)
<use ./images/ocv_gt_pertran.png>
Package pdftex.def Info: ./images/ocv_gt_pertran.png  used on input line 3702.
(pdftex.def)             Requested size: 345.0pt x 115.00137pt.
 [78 <./images/ocv_gt_afftran.png> <./images/ocv_gt_pertran.png>] [79]
Underfull \hbox (badness 10000) in paragraph at lines 3778--3780

 []


Underfull \hbox (badness 10000) in paragraph at lines 3796--3797

 []

<./images/eroding.png, id=344, 521.95pt x 228.855pt>
File: ./images/eroding.png Graphic file (type png)
<use ./images/eroding.png>
Package pdftex.def Info: ./images/eroding.png  used on input line 3803.
(pdftex.def)             Requested size: 345.0pt x 151.27174pt.
[80 <./images/eroding.png>]
Underfull \hbox (badness 10000) in paragraph at lines 3859--3861

 []

<./images/dilation.png, id=349, 492.84125pt x 205.76875pt>
File: ./images/dilation.png Graphic file (type png)
<use ./images/dilation.png>
Package pdftex.def Info: ./images/dilation.png  used on input line 3878.
(pdftex.def)             Requested size: 345.0pt x 144.04968pt.
[81] [82 <./images/dilation.png>]
<./images/ocv_erosion.png, id=357, 650.43pt x 216.81pt>
File: ./images/ocv_erosion.png Graphic file (type png)
<use ./images/ocv_erosion.png>
Package pdftex.def Info: ./images/ocv_erosion.png  used on input line 3976.
(pdftex.def)             Requested size: 345.0pt x 115.00137pt.
<./images/ocv_dilation.png, id=358, 650.43pt x 216.81pt>
File: ./images/ocv_dilation.png Graphic file (type png)
<use ./images/ocv_dilation.png>
Package pdftex.def Info: ./images/ocv_dilation.png  used on input line 3993.
(pdftex.def)             Requested size: 345.0pt x 115.00137pt.
 [83 <./images/ocv_erosion.png>]
<./images/ocv_grad.png, id=363, 650.43pt x 216.81pt>
File: ./images/ocv_grad.png Graphic file (type png)
<use ./images/ocv_grad.png>
Package pdftex.def Info: ./images/ocv_grad.png  used on input line 4009.
(pdftex.def)             Requested size: 345.0pt x 115.00137pt.

Overfull \hbox (20.43306pt too wide) in paragraph at lines 4021--4032
 [][] 
 []


Overfull \hbox (20.43306pt too wide) in paragraph at lines 4042--4056
 [][] 
 []

[84 <./images/ocv_dilation.png> <./images/ocv_grad.png>] [85]
Underfull \hbox (badness 10000) in paragraph at lines 4070--4071

 []


Underfull \hbox (badness 10000) in paragraph at lines 4092--4093

 []

<./images/ocv_sobel.png, id=373, 650.43pt x 216.81pt>
File: ./images/ocv_sobel.png Graphic file (type png)
<use ./images/ocv_sobel.png>
Package pdftex.def Info: ./images/ocv_sobel.png  used on input line 4104.
(pdftex.def)             Requested size: 345.0pt x 115.00137pt.
[86]
<./images/laplace_first_derv.png, id=377, 501.875pt x 167.62625pt>
File: ./images/laplace_first_derv.png Graphic file (type png)
<use ./images/laplace_first_derv.png>
Package pdftex.def Info: ./images/laplace_first_derv.png  used on input line 41
34.
(pdftex.def)             Requested size: 345.0pt x 115.23508pt.
 [87 <./images/ocv_sobel.png> <./images/laplace_first_derv.png>]
<./images/laplace_sec_derv.png, id=383, 301.125pt x 222.8325pt>
File: ./images/laplace_sec_derv.png Graphic file (type png)
<use ./images/laplace_sec_derv.png>
Package pdftex.def Info: ./images/laplace_sec_derv.png  used on input line 4143
.
(pdftex.def)             Requested size: 172.5pt x 127.65506pt.
<./images/ocv_laplace.png, id=384, 650.43pt x 216.81pt>
File: ./images/ocv_laplace.png Graphic file (type png)
<use ./images/ocv_laplace.png>
Package pdftex.def Info: ./images/ocv_laplace.png  used on input line 4156.
(pdftex.def)             Requested size: 345.0pt x 115.00137pt.
 [88 <./images/laplace_sec_derv.png> <./images/ocv_laplace.png>]
Underfull \hbox (badness 10000) in paragraph at lines 4176--4177

 []


Underfull \hbox (badness 10000) in paragraph at lines 4192--4193

 []

<./images/canny.png, id=389, 451.6875pt x 263.98625pt>
File: ./images/canny.png Graphic file (type png)
<use ./images/canny.png>
Package pdftex.def Info: ./images/canny.png  used on input line 4198.
(pdftex.def)             Requested size: 172.5pt x 100.81932pt.
[89 <./images/canny.png>]
<./images/ocv_canny.png, id=393, 650.43pt x 216.81pt>
File: ./images/ocv_canny.png Graphic file (type png)
<use ./images/ocv_canny.png>
Package pdftex.def Info: ./images/ocv_canny.png  used on input line 4234.
(pdftex.def)             Requested size: 345.0pt x 115.00137pt.
 [90 <./images/ocv_canny.png>]
<./images/hough_line.png, id=398, 301.125pt x 203.76125pt>
File: ./images/hough_line.png Graphic file (type png)
<use ./images/hough_line.png>
Package pdftex.def Info: ./images/hough_line.png  used on input line 4263.
(pdftex.def)             Requested size: 172.5pt x 116.72963pt.
<./images/hough_line_mult.png, id=399, 301.125pt x 195.73125pt>
File: ./images/hough_line_mult.png Graphic file (type png)
<use ./images/hough_line_mult.png>
Package pdftex.def Info: ./images/hough_line_mult.png  used on input line 4272.

(pdftex.def)             Requested size: 172.5pt x 112.12944pt.

Underfull \hbox (badness 10000) in paragraph at lines 4277--4278

 []

[91 <./images/hough_line.png> <./images/hough_line_mult.png>]
Underfull \hbox (badness 10000) in paragraph at lines 4289--4290

 []

<./images/ocv_hlt.png, id=404, 650.43pt x 216.81pt>
File: ./images/ocv_hlt.png Graphic file (type png)
<use ./images/ocv_hlt.png>
Package pdftex.def Info: ./images/ocv_hlt.png  used on input line 4324.
(pdftex.def)             Requested size: 345.0pt x 115.00137pt.
[92]
Overfull \hbox (9.37088pt too wide) in paragraph at lines 4352--4353
[][][][][][][][][][][][][][][][][][][][][][][][][][][][][][][][][][][][][][][][
][][][][][]
 []


Overfull \hbox (20.43306pt too wide) in paragraph at lines 4352--4353
[]
 []


Underfull \hbox (badness 10000) in paragraph at lines 4352--4353

 []

[93 <./images/ocv_hlt.png>]
<./images/ocv_hough_circ.png, id=412, 650.43pt x 216.81pt>
File: ./images/ocv_hough_circ.png Graphic file (type png)
<use ./images/ocv_hough_circ.png>
Package pdftex.def Info: ./images/ocv_hough_circ.png  used on input line 4383.
(pdftex.def)             Requested size: 345.0pt x 115.00137pt.
 [94 <./images/ocv_hough_circ.png>] [95]
(/home/michael/Documents/Notes/OpenCV/opencv_documentation_notes.aux)

LaTeX Warning: There were multiply-defined labels.

Package logreq Info: Writing requests to 'opencv_documentation_notes.run.xml'.
\openout1 = `opencv_documentation_notes.run.xml'.

 ) 
Here is how much of TeX's memory you used:
 12623 strings out of 492623
 206565 string characters out of 6135669
 750844 words of memory out of 5000000
 16343 multiletter control sequences out of 15000+600000
 12932 words of font info for 50 fonts, out of 8000000 for 9000
 1141 hyphenation exceptions out of 8191
 35i,22n,51p,1102b,1745s stack positions out of 5000i,500n,10000p,200000b,80000s
</usr/share/texmf-dist/fonts/type1/public/amsfonts/cm/cmbx10.pfb></usr/share/
texmf-dist/fonts/type1/public/amsfonts/cm/cmbx12.pfb></usr/share/texmf-dist/fon
ts/type1/public/amsfonts/cm/cmbx8.pfb></usr/share/texmf-dist/fonts/type1/public
/amsfonts/cm/cmex10.pfb></usr/share/texmf-dist/fonts/type1/public/amsfonts/cm/c
mmi10.pfb></usr/share/texmf-dist/fonts/type1/public/amsfonts/cm/cmmi5.pfb></usr
/share/texmf-dist/fonts/type1/public/amsfonts/cm/cmmi7.pfb></usr/share/texmf-di
st/fonts/type1/public/amsfonts/cm/cmr10.pfb></usr/share/texmf-dist/fonts/type1/
public/amsfonts/cm/cmr17.pfb></usr/share/texmf-dist/fonts/type1/public/amsfonts
/cm/cmr5.pfb></usr/share/texmf-dist/fonts/type1/public/amsfonts/cm/cmr7.pfb></u
sr/share/texmf-dist/fonts/type1/public/amsfonts/cm/cmsy10.pfb></usr/share/texmf
-dist/fonts/type1/public/amsfonts/cm/cmsy7.pfb></usr/share/texmf-dist/fonts/typ
e1/public/amsfonts/cm/cmti10.pfb></usr/share/texmf-dist/fonts/type1/public/amsf
onts/cm/cmtt9.pfb></usr/share/texmf-dist/fonts/type1/public/amsfonts/symbols/ms
am10.pfb>
Output written on /home/michael/Documents/Notes/OpenCV/opencv_documentation_not
es.pdf (95 pages, 3156608 bytes).
PDF statistics:
 475 PDF objects out of 1000 (max. 8388607)
 260 compressed objects within 3 object streams
 0 named destinations out of 1000 (max. 500000)
 281 words of extra memory for PDF output out of 10000 (max. 10000000)

